d:\mywork\github\opencv2learning\opencv2learning\debug\opencv2learning.pch
d:\mywork\github\opencv2learning\opencv2learning\debug\vc120.pdb
d:\mywork\github\opencv2learning\opencv2learning\debug\vc120.idb
d:\mywork\github\opencv2learning\opencv2learning\debug\stdafx.obj
d:\mywork\github\opencv2learning\opencv2learning\debug\calibratedistance.obj
d:\mywork\github\opencv2learning\opencv2learning\debug\filtertest.obj
d:\mywork\github\opencv2learning\opencv2learning\debug\matchtemplate.obj
d:\mywork\github\opencv2learning\opencv2learning\debug\opencv2learning.obj
d:\mywork\github\opencv2learning\opencv2learning\debug\resizetest.obj
d:\mywork\github\opencv2learning\opencv2learning\debug\imagestitching.obj
d:\mywork\github\opencv2learning\opencv2learning\debug\vlfeattest.obj
d:\mywork\github\opencv2learning\debug\opencv2learning.ilk
d:\mywork\github\opencv2learning\debug\opencv2learning.exe
d:\mywork\github\opencv2learning\debug\opencv2learning.pdb
d:\mywork\github\opencv2learning\opencv2learning\debug\opencv2learning.tlog\cl.command.1.tlog
d:\mywork\github\opencv2learning\opencv2learning\debug\opencv2learning.tlog\cl.read.1.tlog
d:\mywork\github\opencv2learning\opencv2learning\debug\opencv2learning.tlog\cl.write.1.tlog
d:\mywork\github\opencv2learning\opencv2learning\debug\opencv2learning.tlog\link.command.1.tlog
d:\mywork\github\opencv2learning\opencv2learning\debug\opencv2learning.tlog\link.read.1.tlog
d:\mywork\github\opencv2learning\opencv2learning\debug\opencv2learning.tlog\link.write.1.tlog
